# JRE version: OpenJDK Runtime Environment (11.0.10) (build 11.0.10+0-b96-7249189)
# Java VM: OpenJDK 64-Bit Server VM (11.0.10+0-b96-7249189, mixed mode, tiered, compressed oops, g1 gc, windows-amd64)
Heap:
 garbage-first heap   total 1131520K, used 184016K [0x0000000080000000, 0x0000000100000000)
  region size 1024K, 2 young (2048K), 2 survivors (2048K)
 Metaspace       used 110506K, capacity 113325K, committed 113536K, reserved 1148928K
  class space    used 13631K, capacity 14600K, committed 14720K, reserved 1048576K
GC Heap History (20 events):
Event: 848.951 GC heap after
{Heap after GC invocations=113 (full 0):
 garbage-first heap   total 414720K, used 142433K [0x0000000080000000, 0x0000000100000000)
  region size 1024K, 15 young (15360K), 15 survivors (15360K)
 Metaspace       used 110152K, capacity 112941K, committed 113280K, reserved 1148928K
  class space    used 13621K, capacity 14595K, committed 14720K, reserved 1048576K
}
Event: 850.961 GC heap before
{Heap before GC invocations=113 (full 0):
 garbage-first heap   total 414720K, used 344161K [0x0000000080000000, 0x0000000100000000)
  region size 1024K, 212 young (217088K), 15 survivors (15360K)
 Metaspace       used 110222K, capacity 113013K, committed 113280K, reserved 1148928K
  class space    used 13628K, capacity 14597K, committed 14720K, reserved 1048576K
}
Event: 851.025 GC heap after
{Heap after GC invocations=114 (full 0):
 garbage-first heap   total 414720K, used 143906K [0x0000000080000000, 0x0000000100000000)
  region size 1024K, 12 young (12288K), 12 survivors (12288K)
 Metaspace       used 110222K, capacity 113013K, committed 113280K, reserved 1148928K
  class space    used 13628K, capacity 14597K, committed 14720K, reserved 1048576K
}
Event: 853.304 GC heap before
{Heap before GC invocations=114 (full 0):
 garbage-first heap   total 414720K, used 349730K [0x0000000080000000, 0x0000000100000000)
  region size 1024K, 213 young (218112K), 12 survivors (12288K)
 Metaspace       used 110239K, capacity 113016K, committed 113280K, reserved 1148928K
  class space    used 13628K, capacity 14597K, committed 14720K, reserved 1048576K
}
Event: 853.357 GC heap after
{Heap after GC invocations=115 (full 0):
 garbage-first heap   total 487424K, used 146978K [0x0000000080000000, 0x0000000100000000)
  region size 1024K, 15 young (15360K), 15 survivors (15360K)
 Metaspace       used 110239K, capacity 113016K, committed 113280K, reserved 1148928K
  class space    used 13628K, capacity 14597K, committed 14720K, reserved 1048576K
}
Event: 856.477 GC heap before
{Heap before GC invocations=115 (full 0):
 garbage-first heap   total 487424K, used 373282K [0x0000000080000000, 0x0000000100000000)
  region size 1024K, 235 young (240640K), 15 survivors (15360K)
 Metaspace       used 110298K, capacity 113081K, committed 113280K, reserved 1148928K
  class space    used 13629K, capacity 14597K, committed 14720K, reserved 1048576K
}
Event: 856.552 GC heap after
{Heap after GC invocations=116 (full 0):
 garbage-first heap   total 487424K, used 150562K [0x0000000080000000, 0x0000000100000000)
  region size 1024K, 19 young (19456K), 19 survivors (19456K)
 Metaspace       used 110298K, capacity 113081K, committed 113280K, reserved 1148928K
  class space    used 13629K, capacity 14597K, committed 14720K, reserved 1048576K
}
Event: 858.581 GC heap before
{Heap before GC invocations=116 (full 0):
 garbage-first heap   total 487424K, used 398370K [0x0000000080000000, 0x0000000100000000)
  region size 1024K, 260 young (266240K), 19 survivors (19456K)
 Metaspace       used 110412K, capacity 113177K, committed 113536K, reserved 1148928K
  class space    used 13629K, capacity 14597K, committed 14720K, reserved 1048576K
}
Event: 858.849 GC heap after
{Heap after GC invocations=117 (full 0):
 garbage-first heap   total 487424K, used 167175K [0x0000000080000000, 0x0000000100000000)
  region size 1024K, 33 young (33792K), 33 survivors (33792K)
 Metaspace       used 110412K, capacity 113177K, committed 113536K, reserved 1148928K
  class space    used 13629K, capacity 14597K, committed 14720K, reserved 1048576K
}
Event: 860.461 GC heap before
{Heap before GC invocations=117 (full 0):
 garbage-first heap   total 487424K, used 402695K [0x0000000080000000, 0x0000000100000000)
  region size 1024K, 263 young (269312K), 33 survivors (33792K)
 Metaspace       used 110442K, capacity 113180K, committed 113536K, reserved 1148928K
  class space    used 13629K, capacity 14597K, committed 14720K, reserved 1048576K
}
Event: 860.923 GC heap after
{Heap after GC invocations=118 (full 0):
 garbage-first heap   total 487424K, used 169607K [0x0000000080000000, 0x0000000100000000)
  region size 1024K, 9 young (9216K), 9 survivors (9216K)
 Metaspace       used 110442K, capacity 113180K, committed 113536K, reserved 1148928K
  class space    used 13629K, capacity 14597K, committed 14720K, reserved 1048576K
}
Event: 862.909 GC heap before
{Heap before GC invocations=118 (full 0):
 garbage-first heap   total 487424K, used 386695K [0x0000000080000000, 0x0000000100000000)
  region size 1024K, 221 young (226304K), 9 survivors (9216K)
 Metaspace       used 110467K, capacity 113309K, committed 113536K, reserved 1148928K
  class space    used 13629K, capacity 14597K, committed 14720K, reserved 1048576K
}
Event: 862.947 GC heap after
{Heap after GC invocations=119 (full 0):
 garbage-first heap   total 487424K, used 172935K [0x0000000080000000, 0x0000000100000000)
  region size 1024K, 12 young (12288K), 12 survivors (12288K)
 Metaspace       used 110467K, capacity 113309K, committed 113536K, reserved 1148928K
  class space    used 13629K, capacity 14597K, committed 14720K, reserved 1048576K
}
Event: 864.948 GC heap before
{Heap before GC invocations=119 (full 0):
 garbage-first heap   total 487424K, used 407431K [0x0000000080000000, 0x0000000100000000)
  region size 1024K, 241 young (246784K), 12 survivors (12288K)
 Metaspace       used 110484K, capacity 113313K, committed 113536K, reserved 1148928K
  class space    used 13629K, capacity 14598K, committed 14720K, reserved 1048576K
}
Event: 864.992 GC heap after
{Heap after GC invocations=120 (full 0):
 garbage-first heap   total 487424K, used 177287K [0x0000000080000000, 0x0000000100000000)
  region size 1024K, 16 young (16384K), 16 survivors (16384K)
 Metaspace       used 110484K, capacity 113313K, committed 113536K, reserved 1148928K
  class space    used 13629K, capacity 14598K, committed 14720K, reserved 1048576K
}
Event: 866.533 GC heap before
{Heap before GC invocations=120 (full 0):
 garbage-first heap   total 487424K, used 409735K [0x0000000080000000, 0x0000000100000000)
  region size 1024K, 243 young (248832K), 16 survivors (16384K)
 Metaspace       used 110497K, capacity 113319K, committed 113536K, reserved 1148928K
  class space    used 13630K, capacity 14599K, committed 14720K, reserved 1048576K
}
Event: 866.589 GC heap after
{Heap after GC invocations=121 (full 0):
 garbage-first heap   total 487424K, used 179335K [0x0000000080000000, 0x0000000100000000)
  region size 1024K, 18 young (18432K), 18 survivors (18432K)
 Metaspace       used 110497K, capacity 113319K, committed 113536K, reserved 1148928K
  class space    used 13630K, capacity 14599K, committed 14720K, reserved 1048576K
}
Event: 868.340 GC heap before
{Heap before GC invocations=121 (full 0):
 garbage-first heap   total 487424K, used 411783K [0x0000000080000000, 0x0000000100000000)
  region size 1024K, 245 young (250880K), 18 survivors (18432K)
 Metaspace       used 110506K, capacity 113325K, committed 113536K, reserved 1148928K
  class space    used 13631K, capacity 14600K, committed 14720K, reserved 1048576K
}
Event: 870.553 GC heap after
{Heap after GC invocations=122 (full 0):
 garbage-first heap   total 487424K, used 184519K [0x0000000080000000, 0x0000000100000000)
  region size 1024K, 18 young (18432K), 18 survivors (18432K)
 Metaspace       used 110506K, capacity 113325K, committed 113536K, reserved 1148928K
  class space    used 13631K, capacity 14600K, committed 14720K, reserved 1048576K
}
Event: 870.578 GC heap before
{Heap before GC invocations=122 (full 0):
 garbage-first heap   total 487424K, used 188615K [0x0000000080000000, 0x0000000100000000)
  region size 1024K, 23 young (23552K), 18 survivors (18432K)
 Metaspace       used 110506K, capacity 113325K, committed 113536K, reserved 1148928K
  class space    used 13631K, capacity 14600K, committed 14720K, reserved 1048576K
}

